-------------------------------------------------------------------------------
Test set: Simulation.BattleTest
-------------------------------------------------------------------------------
Tests run: 1, Failures: 1, Errors: 0, Skipped: 0, Time elapsed: 0.013 s <<< FAILURE! - in Simulation.BattleTest
Simulation.BattleTest.simulate  Time elapsed: 0.012 s  <<< FAILURE!
org.opentest4j.AssertionFailedError: expected: <Draw! Blue, forces left: 0. Red, forces left: 0> but was: <Draw! Blue, forces left: 1. Red, forces left: 1>
	at Simulation.BattleTest.simulate(BattleTest.java:28)

