<?xml version="1.0" encoding="UTF-8"?>
<testsuite xmlns:xsi="http://www.w3.org/2001/XMLSchema-instance" xsi:noNamespaceSchemaLocation="https://maven.apache.org/surefire/maven-surefire-plugin/xsd/surefire-test-report-3.0.xsd" version="3.0" name="Army.ArmyTest" time="0.035" tests="2" errors="1" skipped="0" failures="0">
  <properties>
[...]
</properties>
  <testcase name="addAll" classname="Army.ArmyTest" time="0.018"/>
  <testcase name="getRandomAndRemove" classname="Army.ArmyTest" time="0.003">
    <error type="java.lang.IllegalArgumentException"><![CDATA[java.lang.IllegalArgumentException: bound must be greater than origin
	at Army.ArmyTest.getRandomAndRemove(ArmyTest.java:28)
]]></error>
  </testcase>
</testsuite>